::1 - - [04/Oct/2019:09:36:17 -0300] "GET / HTTP/1.1" 200 78767
::1 - - [04/Oct/2019:09:36:17 -0300] "GET /index.php?=PHPE9568F34-D428-11d2-A769-00AA001ACF42 HTTP/1.1" 200 2524
::1 - - [04/Oct/2019:09:36:17 -0300] "GET /index.php?=PHPE9568F35-D428-11d2-A769-00AA001ACF42 HTTP/1.1" 200 2146
::1 - - [04/Oct/2019:09:36:17 -0300] "GET /style.css HTTP/1.1" 304 -
::1 - - [04/Oct/2019:09:36:17 -0300] "GET /images/header.png HTTP/1.1" 304 -
::1 - - [04/Oct/2019:09:36:17 -0300] "GET /images/background.jpg HTTP/1.1" 304 -
::1 - - [04/Oct/2019:09:36:17 -0300] "GET /images/menuright.jpg HTTP/1.1" 304 -
::1 - - [04/Oct/2019:09:36:17 -0300] "GET /images/menu.jpg HTTP/1.1" 304 -
::1 - - [04/Oct/2019:09:36:17 -0300] "GET /images/topcontent.jpg HTTP/1.1" 304 -
::1 - - [04/Oct/2019:09:36:17 -0300] "GET /images/banner.jpg HTTP/1.1" 304 -
::1 - - [04/Oct/2019:09:36:17 -0300] "GET /images/menuleft.jpg HTTP/1.1" 304 -
::1 - - [04/Oct/2019:09:36:17 -0300] "GET /images/content.jpg HTTP/1.1" 304 -
::1 - - [04/Oct/2019:09:36:28 -0300] "GET /cadastro HTTP/1.1" 301 239
::1 - - [04/Oct/2019:09:36:28 -0300] "GET /cadastro/ HTTP/1.1" 200 1597
::1 - - [04/Oct/2019:09:36:28 -0300] "GET /cadastro/materialize/css/materialize.min.css HTTP/1.1" 200 141937
::1 - - [04/Oct/2019:09:36:28 -0300] "GET /cadastro/materialize/js/jquery-3.4.1.min.js HTTP/1.1" 200 88145
::1 - - [04/Oct/2019:09:36:28 -0300] "GET /cadastro/materialize/js/materialize.min.js HTTP/1.1" 200 181114
::1 - - [04/Oct/2019:09:36:28 -0300] "GET /favicon.ico HTTP/1.1" 404 209
::1 - - [04/Oct/2019:09:37:55 -0300] "GET /cadastro/ HTTP/1.1" 200 1597
::1 - - [04/Oct/2019:09:37:56 -0300] "GET /cadastro/ HTTP/1.1" 200 1597
::1 - - [04/Oct/2019:09:38:04 -0300] "GET /cadastro/ HTTP/1.1" 200 1623
::1 - - [04/Oct/2019:09:42:58 -0300] "GET /cadastro/ HTTP/1.1" 200 1670
::1 - - [04/Oct/2019:09:42:58 -0300] "GET /cadastro/imagem/login.png HTTP/1.1" 200 4309
::1 - - [04/Oct/2019:09:44:16 -0300] "GET /cadastro/ HTTP/1.1" 200 1737
::1 - - [04/Oct/2019:09:44:16 -0300] "GET /cadastro/imagem/login.png HTTP/1.1" 304 -
::1 - - [04/Oct/2019:09:45:34 -0300] "GET /cadastro/ HTTP/1.1" 200 1748
::1 - - [04/Oct/2019:09:45:34 -0300] "GET /cadastro/imagem/cadastro-cliente.png HTTP/1.1" 200 99476
::1 - - [04/Oct/2019:09:48:29 -0300] "GET /cadastro/ HTTP/1.1" 200 2002
::1 - - [04/Oct/2019:09:48:43 -0300] "GET /cadastro/ HTTP/1.1" 200 2002
::1 - - [04/Oct/2019:09:48:43 -0300] "GET /cadastro/imagem/cadastro-cliente.png HTTP/1.1" 304 -
::1 - - [04/Oct/2019:09:49:49 -0300] "GET /cadastro/ HTTP/1.1" 200 2071
::1 - - [04/Oct/2019:09:49:49 -0300] "GET /cadastro/imagem/cadastro-cliente.png HTTP/1.1" 304 -
::1 - - [04/Oct/2019:09:50:40 -0300] "GET /cadastro/ HTTP/1.1" 200 2068
::1 - - [04/Oct/2019:09:50:40 -0300] "GET /cadastro/imagem/cadastro-cliente.png HTTP/1.1" 304 -
::1 - - [04/Oct/2019:09:51:47 -0300] "GET /cadastro/ HTTP/1.1" 200 2068
::1 - - [04/Oct/2019:09:51:47 -0300] "GET /cadastro/imagem/cadastro-cliente.png HTTP/1.1" 304 -
::1 - - [04/Oct/2019:09:51:54 -0300] "GET /cadastro/ HTTP/1.1" 200 2389
::1 - - [04/Oct/2019:09:54:16 -0300] "GET /cadastro/ HTTP/1.1" 200 2770
::1 - - [04/Oct/2019:09:54:16 -0300] "GET /cadastro/imagem/cadastro-cliente.png HTTP/1.1" 304 -
::1 - - [04/Oct/2019:09:54:25 -0300] "GET /cadastro/ HTTP/1.1" 200 2763
::1 - - [04/Oct/2019:09:58:46 -0300] "GET /cadastro/ HTTP/1.1" 200 3074
::1 - - [04/Oct/2019:09:58:46 -0300] "GET /cadastro/imagem/cadastro-cliente.png HTTP/1.1" 304 -
::1 - - [04/Oct/2019:09:59:25 -0300] "GET /cadastro/ HTTP/1.1" 200 3073
::1 - - [04/Oct/2019:09:59:33 -0300] "GET /cadastro/ HTTP/1.1" 200 3077
::1 - - [04/Oct/2019:10:00:37 -0300] "GET /cadastro/ HTTP/1.1" 200 3072
::1 - - [04/Oct/2019:10:00:37 -0300] "GET /cadastro/imagem/cadastro-cliente.png HTTP/1.1" 304 -
::1 - - [04/Oct/2019:10:00:44 -0300] "GET /cadastro/ HTTP/1.1" 200 3072
::1 - - [04/Oct/2019:10:04:39 -0300] "GET /cadastro/ HTTP/1.1" 200 3418
::1 - - [04/Oct/2019:10:04:39 -0300] "GET /cadastro/imagem/cadastro-cliente.png HTTP/1.1" 304 -
::1 - - [04/Oct/2019:10:06:27 -0300] "GET /cadastro/ HTTP/1.1" 200 3453
::1 - - [04/Oct/2019:10:06:56 -0300] "GET /cadastro/ HTTP/1.1" 200 3468
::1 - - [04/Oct/2019:10:06:56 -0300] "GET /cadastro/imagem/cadastro-cliente.png HTTP/1.1" 304 -
::1 - - [04/Oct/2019:10:06:58 -0300] "GET /cadastro/ HTTP/1.1" 200 3468
::1 - - [04/Oct/2019:10:07:04 -0300] "GET /cadastro/ HTTP/1.1" 200 3468
::1 - - [04/Oct/2019:10:08:09 -0300] "GET /cadastro/ HTTP/1.1" 200 3547
::1 - - [04/Oct/2019:10:08:28 -0300] "GET /cadastro/ HTTP/1.1" 200 3547
::1 - - [04/Oct/2019:10:08:30 -0300] "GET /cadastro/ HTTP/1.1" 200 3547
::1 - - [04/Oct/2019:10:08:42 -0300] "GET /cadastro/ HTTP/1.1" 200 3510
::1 - - [04/Oct/2019:10:10:55 -0300] "GET /cadastro/ HTTP/1.1" 200 3738
::1 - - [04/Oct/2019:10:10:55 -0300] "GET /cadastro/imagem/cadastro-cliente.png HTTP/1.1" 304 -
::1 - - [04/Oct/2019:10:11:21 -0300] "GET /cadastro/ HTTP/1.1" 200 3737
::1 - - [04/Oct/2019:10:15:40 -0300] "GET /cadastro/ HTTP/1.1" 200 3751
::1 - - [04/Oct/2019:10:15:40 -0300] "GET /cadastro/imagem/cadastro-cliente.png HTTP/1.1" 304 -
::1 - - [04/Oct/2019:10:16:00 -0300] "GET /cadastro/ HTTP/1.1" 200 3765
::1 - - [04/Oct/2019:10:16:01 -0300] "GET /cadastro/ HTTP/1.1" 200 3765
::1 - - [04/Oct/2019:10:16:02 -0300] "GET /cadastro/ HTTP/1.1" 200 3765
::1 - - [04/Oct/2019:10:16:09 -0300] "GET /cadastro/ HTTP/1.1" 200 3750
::1 - - [04/Oct/2019:10:18:02 -0300] "GET /cadastro/ HTTP/1.1" 200 4039
::1 - - [04/Oct/2019:10:18:46 -0300] "GET /cadastro/ HTTP/1.1" 200 4039
::1 - - [04/Oct/2019:10:18:46 -0300] "GET /cadastro/imagem/cadastro-cliente.png HTTP/1.1" 304 -
::1 - - [04/Oct/2019:10:18:49 -0300] "GET /cadastro/ HTTP/1.1" 200 3770
