2019-10-02 21:12:38 1080 [Note] Plugin 'FEDERATED' is disabled.
2019-10-02 21:12:38 1080 [Note] InnoDB: The InnoDB memory heap is disabled
2019-10-02 21:12:38 1080 [Note] InnoDB: Mutexes and rw_locks use Windows interlocked functions
2019-10-02 21:12:38 1080 [Note] InnoDB: Compressed tables use zlib 1.2.3
2019-10-02 21:12:38 1080 [Note] InnoDB: Not using CPU crc32 instructions
2019-10-02 21:12:38 1080 [Note] InnoDB: Initializing buffer pool, size = 128.0M
2019-10-02 21:12:38 1080 [Note] InnoDB: Completed initialization of buffer pool
2019-10-02 21:12:38 1080 [Note] InnoDB: Highest supported file format is Barracuda.
2019-10-02 21:12:38 1080 [Note] InnoDB: The log sequence numbers 1626134 and 1626134 in ibdata files do not match the log sequence number 2743423 in the ib_logfiles!
2019-10-02 21:12:38 1080 [Note] InnoDB: Database was not shutdown normally!
2019-10-02 21:12:38 1080 [Note] InnoDB: Starting crash recovery.
2019-10-02 21:12:38 1080 [Note] InnoDB: Reading tablespace information from the .ibd files...
2019-10-02 21:12:39 1080 [Note] InnoDB: Restoring possible half-written data pages 
2019-10-02 21:12:39 1080 [Note] InnoDB: from the doublewrite buffer...
2019-10-02 21:12:39 1080 [Note] InnoDB: 128 rollback segment(s) are active.
2019-10-02 21:12:39 1080 [Note] InnoDB: Waiting for purge to start
2019-10-02 21:12:39 1080 [Note] InnoDB: 5.6.13 started; log sequence number 2743423
2019-10-02 21:12:39 1080 [Note] Server hostname (bind-address): '*'; port: 3307
2019-10-02 21:12:39 1080 [Note] IPv6 is available.
2019-10-02 21:12:39 1080 [Note]   - '::' resolves to '::';
2019-10-02 21:12:39 1080 [Note] Server socket created on IP: '::'.
2019-10-02 22:31:54 14328 [Note] Plugin 'FEDERATED' is disabled.
2019-10-02 22:31:54 14328 [Note] InnoDB: The InnoDB memory heap is disabled
2019-10-02 22:31:54 14328 [Note] InnoDB: Mutexes and rw_locks use Windows interlocked functions
2019-10-02 22:31:54 14328 [Note] InnoDB: Compressed tables use zlib 1.2.3
2019-10-02 22:31:54 14328 [Note] InnoDB: Not using CPU crc32 instructions
2019-10-02 22:31:54 14328 [Note] InnoDB: Initializing buffer pool, size = 128.0M
2019-10-02 22:31:54 14328 [Note] InnoDB: Completed initialization of buffer pool
2019-10-02 22:31:54 14328 [Note] InnoDB: Highest supported file format is Barracuda.
2019-10-02 22:31:54 14328 [Note] InnoDB: The log sequence numbers 1626134 and 1626134 in ibdata files do not match the log sequence number 2754251 in the ib_logfiles!
2019-10-02 22:31:54 14328 [Note] InnoDB: Database was not shutdown normally!
2019-10-02 22:31:54 14328 [Note] InnoDB: Starting crash recovery.
2019-10-02 22:31:54 14328 [Note] InnoDB: Reading tablespace information from the .ibd files...
2019-10-02 22:31:54 14328 [Note] InnoDB: Restoring possible half-written data pages 
2019-10-02 22:31:54 14328 [Note] InnoDB: from the doublewrite buffer...
2019-10-02 22:31:55 14328 [Note] InnoDB: 128 rollback segment(s) are active.
2019-10-02 22:31:55 14328 [Note] InnoDB: Waiting for purge to start
2019-10-02 22:31:55 14328 [Note] InnoDB: 5.6.13 started; log sequence number 2754251
2019-10-02 22:31:55 14328 [Note] Server hostname (bind-address): '*'; port: 3307
2019-10-02 22:31:55 14328 [Note] IPv6 is available.
2019-10-02 22:31:55 14328 [Note]   - '::' resolves to '::';
2019-10-02 22:31:55 14328 [Note] Server socket created on IP: '::'.
2019-10-04 09:36:13 11272 [Note] Plugin 'FEDERATED' is disabled.
2019-10-04 09:36:13 11272 [Note] InnoDB: The InnoDB memory heap is disabled
2019-10-04 09:36:13 11272 [Note] InnoDB: Mutexes and rw_locks use Windows interlocked functions
2019-10-04 09:36:13 11272 [Note] InnoDB: Compressed tables use zlib 1.2.3
2019-10-04 09:36:13 11272 [Note] InnoDB: Not using CPU crc32 instructions
2019-10-04 09:36:13 11272 [Note] InnoDB: Initializing buffer pool, size = 128.0M
2019-10-04 09:36:13 11272 [Note] InnoDB: Completed initialization of buffer pool
2019-10-04 09:36:13 11272 [Note] InnoDB: Highest supported file format is Barracuda.
2019-10-04 09:36:13 11272 [Note] InnoDB: The log sequence numbers 1626134 and 1626134 in ibdata files do not match the log sequence number 2754261 in the ib_logfiles!
2019-10-04 09:36:13 11272 [Note] InnoDB: Database was not shutdown normally!
2019-10-04 09:36:13 11272 [Note] InnoDB: Starting crash recovery.
2019-10-04 09:36:13 11272 [Note] InnoDB: Reading tablespace information from the .ibd files...
2019-10-04 09:36:13 11272 [Note] InnoDB: Restoring possible half-written data pages 
2019-10-04 09:36:13 11272 [Note] InnoDB: from the doublewrite buffer...
2019-10-04 09:36:13 11272 [Note] InnoDB: 128 rollback segment(s) are active.
2019-10-04 09:36:13 11272 [Note] InnoDB: Waiting for purge to start
2019-10-04 09:36:14 11272 [Note] InnoDB: 5.6.13 started; log sequence number 2754261
2019-10-04 09:36:14 11272 [Note] Server hostname (bind-address): '*'; port: 3307
2019-10-04 09:36:14 11272 [Note] IPv6 is available.
2019-10-04 09:36:14 11272 [Note]   - '::' resolves to '::';
2019-10-04 09:36:14 11272 [Note] Server socket created on IP: '::'.
