2019-09-19 20:20:25 9356 [Note] Plugin 'FEDERATED' is disabled.
2019-09-19 20:20:25 9356 [Note] InnoDB: The InnoDB memory heap is disabled
2019-09-19 20:20:25 9356 [Note] InnoDB: Mutexes and rw_locks use Windows interlocked functions
2019-09-19 20:20:25 9356 [Note] InnoDB: Compressed tables use zlib 1.2.3
2019-09-19 20:20:25 9356 [Note] InnoDB: Not using CPU crc32 instructions
2019-09-19 20:20:25 9356 [Note] InnoDB: Initializing buffer pool, size = 128.0M
2019-09-19 20:20:25 9356 [Note] InnoDB: Completed initialization of buffer pool
2019-09-19 20:20:25 9356 [Note] InnoDB: Highest supported file format is Barracuda.
2019-09-19 20:20:25 9356 [Note] InnoDB: The log sequence numbers 1626134 and 1626134 in ibdata files do not match the log sequence number 2743403 in the ib_logfiles!
2019-09-19 20:20:25 9356 [Note] InnoDB: Database was not shutdown normally!
2019-09-19 20:20:25 9356 [Note] InnoDB: Starting crash recovery.
2019-09-19 20:20:25 9356 [Note] InnoDB: Reading tablespace information from the .ibd files...
2019-09-19 20:20:25 9356 [Note] InnoDB: Restoring possible half-written data pages 
2019-09-19 20:20:25 9356 [Note] InnoDB: from the doublewrite buffer...
2019-09-19 20:20:26 9356 [Note] InnoDB: 128 rollback segment(s) are active.
2019-09-19 20:20:26 9356 [Note] InnoDB: Waiting for purge to start
2019-09-19 20:20:26 9356 [Note] InnoDB: 5.6.13 started; log sequence number 2743403
2019-09-19 20:20:26 9356 [Note] Server hostname (bind-address): '*'; port: 3307
2019-09-19 20:20:26 9356 [Note] IPv6 is available.
2019-09-19 20:20:26 9356 [Note]   - '::' resolves to '::';
2019-09-19 20:20:26 9356 [Note] Server socket created on IP: '::'.
2019-09-19 20:20:26 9356 [Note] Event Scheduler: Loaded 0 events
2019-09-19 20:20:26 9356 [Note] C:\Users\User\Desktop\Projeto Web Senac\WEBSERVER\WEBSERVER/mysql/bin/mysqld_usbwv8.exe: ready for connections.
Version: '5.6.13'  socket: ''  port: 3307  MySQL Community Server (GPL)
2019-09-19 21:46:04 2056 [Note] Plugin 'FEDERATED' is disabled.
2019-09-19 21:46:04 2056 [Note] InnoDB: The InnoDB memory heap is disabled
2019-09-19 21:46:04 2056 [Note] InnoDB: Mutexes and rw_locks use Windows interlocked functions
2019-09-19 21:46:04 2056 [Note] InnoDB: Compressed tables use zlib 1.2.3
2019-09-19 21:46:04 2056 [Note] InnoDB: Not using CPU crc32 instructions
2019-09-19 21:46:04 2056 [Note] InnoDB: Initializing buffer pool, size = 128.0M
2019-09-19 21:46:04 2056 [Note] InnoDB: Completed initialization of buffer pool
2019-09-19 21:46:04 2056 [Note] InnoDB: Highest supported file format is Barracuda.
2019-09-19 21:46:04 2056 [Note] InnoDB: The log sequence numbers 1626134 and 1626134 in ibdata files do not match the log sequence number 2743413 in the ib_logfiles!
2019-09-19 21:46:04 2056 [Note] InnoDB: Database was not shutdown normally!
2019-09-19 21:46:04 2056 [Note] InnoDB: Starting crash recovery.
2019-09-19 21:46:04 2056 [Note] InnoDB: Reading tablespace information from the .ibd files...
2019-09-19 21:46:04 2056 [Note] InnoDB: Restoring possible half-written data pages 
2019-09-19 21:46:04 2056 [Note] InnoDB: from the doublewrite buffer...
2019-09-19 21:46:04 2056 [Note] InnoDB: 128 rollback segment(s) are active.
2019-09-19 21:46:04 2056 [Note] InnoDB: Waiting for purge to start
2019-09-19 21:46:04 2056 [Note] InnoDB: 5.6.13 started; log sequence number 2743413
2019-09-19 21:46:04 2056 [Note] Server hostname (bind-address): '*'; port: 3307
2019-09-19 21:46:04 2056 [Note] IPv6 is available.
2019-09-19 21:46:04 2056 [Note]   - '::' resolves to '::';
2019-09-19 21:46:04 2056 [Note] Server socket created on IP: '::'.
